# JRE version: Java(TM) SE Runtime Environment (8.0_101-b13) (build 1.8.0_101-b13)
# Java VM: Java HotSpot(TM) 64-Bit Server VM (25.101-b13 mixed mode linux-amd64 compressed oops)
Heap:
 PSYoungGen      total 271360K, used 64481K [0x00000000eab00000, 0x0000000100000000, 0x0000000100000000)
  eden space 194048K, 5% used [0x00000000eab00000,0x00000000eb65c1e8,0x00000000f6880000)
  from space 77312K, 68% used [0x00000000f6880000,0x00000000f9c1c270,0x00000000fb400000)
  to   space 76800K, 0% used [0x00000000fb500000,0x00000000fb500000,0x0000000100000000)
 ParOldGen       total 699392K, used 544729K [0x00000000c0000000, 0x00000000eab00000, 0x00000000eab00000)
  object space 699392K, 77% used [0x00000000c0000000,0x00000000e13f64d8,0x00000000eab00000)
 Metaspace       used 26562K, capacity 47032K, committed 47152K, reserved 1083392K
  class space    used 4252K, capacity 12728K, committed 12848K, reserved 1048576K
GC Heap History (10 events):
Event: 89,179 GC heap before
{Heap before GC invocations=31 (full 2):
 PSYoungGen      total 266752K, used 226241K [0x00000000eab00000, 0x0000000100000000, 0x0000000100000000)
  eden space 181248K, 100% used [0x00000000eab00000,0x00000000f5c00000,0x00000000f5c00000)
  from space 85504K, 52% used [0x00000000fac80000,0x00000000fd870540,0x0000000100000000)
  to   space 82432K, 0% used [0x00000000f5c00000,0x00000000f5c00000,0x00000000fac80000)
 ParOldGen       total 699392K, used 343530K [0x00000000c0000000, 0x00000000eab00000, 0x00000000eab00000)
  object space 699392K, 49% used [0x00000000c0000000,0x00000000d4f7a9d8,0x00000000eab00000)
 Metaspace       used 22600K, capacity 37384K, committed 37424K, reserved 1077248K
  class space    used 3410K, capacity 9512K, committed 9520K, reserved 1048576K
Event: 89,324 GC heap after
Heap after GC invocations=31 (full 2):
 PSYoungGen      total 263680K, used 49200K [0x00000000eab00000, 0x0000000100000000, 0x0000000100000000)
  eden space 181248K, 0% used [0x00000000eab00000,0x00000000eab00000,0x00000000f5c00000)
  from space 82432K, 59% used [0x00000000f5c00000,0x00000000f8c0c370,0x00000000fac80000)
  to   space 80384K, 0% used [0x00000000fb180000,0x00000000fb180000,0x0000000100000000)
 ParOldGen       total 699392K, used 380302K [0x00000000c0000000, 0x00000000eab00000, 0x00000000eab00000)
  object space 699392K, 54% used [0x00000000c0000000,0x00000000d7363858,0x00000000eab00000)
 Metaspace       used 22600K, capacity 37384K, committed 37424K, reserved 1077248K
  class space    used 3410K, capacity 9512K, committed 9520K, reserved 1048576K
}
Event: 91,034 GC heap before
{Heap before GC invocations=32 (full 2):
 PSYoungGen      total 263680K, used 230448K [0x00000000eab00000, 0x0000000100000000, 0x0000000100000000)
  eden space 181248K, 100% used [0x00000000eab00000,0x00000000f5c00000,0x00000000f5c00000)
  from space 82432K, 59% used [0x00000000f5c00000,0x00000000f8c0c370,0x00000000fac80000)
  to   space 80384K, 0% used [0x00000000fb180000,0x00000000fb180000,0x0000000100000000)
 ParOldGen       total 699392K, used 380302K [0x00000000c0000000, 0x00000000eab00000, 0x00000000eab00000)
  object space 699392K, 54% used [0x00000000c0000000,0x00000000d7363858,0x00000000eab00000)
 Metaspace       used 23537K, capacity 39670K, committed 39728K, reserved 1079296K
  class space    used 3609K, capacity 10274K, committed 10288K, reserved 1048576K
Event: 91,172 GC heap after
Heap after GC invocations=32 (full 2):
 PSYoungGen      total 270336K, used 48898K [0x00000000eab00000, 0x0000000100000000, 0x0000000100000000)
  eden space 189952K, 0% used [0x00000000eab00000,0x00000000eab00000,0x00000000f6480000)
  from space 80384K, 60% used [0x00000000fb180000,0x00000000fe140ae0,0x0000000100000000)
  to   space 78848K, 0% used [0x00000000f6480000,0x00000000f6480000,0x00000000fb180000)
 ParOldGen       total 699392K, used 420437K [0x00000000c0000000, 0x00000000eab00000, 0x00000000eab00000)
  object space 699392K, 60% used [0x00000000c0000000,0x00000000d9a956d8,0x00000000eab00000)
 Metaspace       used 23537K, capacity 39670K, committed 39728K, reserved 1079296K
  class space    used 3609K, capacity 10274K, committed 10288K, reserved 1048576K
}
Event: 92,777 GC heap before
{Heap before GC invocations=33 (full 2):
 PSYoungGen      total 270336K, used 238850K [0x00000000eab00000, 0x0000000100000000, 0x0000000100000000)
  eden space 189952K, 100% used [0x00000000eab00000,0x00000000f6480000,0x00000000f6480000)
  from space 80384K, 60% used [0x00000000fb180000,0x00000000fe140ae0,0x0000000100000000)
  to   space 78848K, 0% used [0x00000000f6480000,0x00000000f6480000,0x00000000fb180000)
 ParOldGen       total 699392K, used 420437K [0x00000000c0000000, 0x00000000eab00000, 0x00000000eab00000)
  object space 699392K, 60% used [0x00000000c0000000,0x00000000d9a956d8,0x00000000eab00000)
 Metaspace       used 24519K, capacity 42064K, committed 42416K, reserved 1081344K
  class space    used 3818K, capacity 11072K, committed 11184K, reserved 1048576K
Event: 92,884 GC heap after
Heap after GC invocations=33 (full 2):
 PSYoungGen      total 268800K, used 51154K [0x00000000eab00000, 0x0000000100000000, 0x0000000100000000)
  eden space 189952K, 0% used [0x00000000eab00000,0x00000000eab00000,0x00000000f6480000)
  from space 78848K, 64% used [0x00000000f6480000,0x00000000f9674930,0x00000000fb180000)
  to   space 77824K, 0% used [0x00000000fb400000,0x00000000fb400000,0x0000000100000000)
 ParOldGen       total 699392K, used 460621K [0x00000000c0000000, 0x00000000eab00000, 0x00000000eab00000)
  object space 699392K, 65% used [0x00000000c0000000,0x00000000dc1d35a8,0x00000000eab00000)
 Metaspace       used 24519K, capacity 42064K, committed 42416K, reserved 1081344K
  class space    used 3818K, capacity 11072K, committed 11184K, reserved 1048576K
}
Event: 95,779 GC heap before
{Heap before GC invocations=34 (full 2):
 PSYoungGen      total 268800K, used 241106K [0x00000000eab00000, 0x0000000100000000, 0x0000000100000000)
  eden space 189952K, 100% used [0x00000000eab00000,0x00000000f6480000,0x00000000f6480000)
  from space 78848K, 64% used [0x00000000f6480000,0x00000000f9674930,0x00000000fb180000)
  to   space 77824K, 0% used [0x00000000fb400000,0x00000000fb400000,0x0000000100000000)
 ParOldGen       total 699392K, used 460621K [0x00000000c0000000, 0x00000000eab00000, 0x00000000eab00000)
  object space 699392K, 65% used [0x00000000c0000000,0x00000000dc1d35a8,0x00000000eab00000)
 Metaspace       used 25506K, capacity 44458K, committed 44720K, reserved 1081344K
  class space    used 4028K, capacity 11870K, committed 11952K, reserved 1048576K
Event: 95,992 GC heap after
Heap after GC invocations=34 (full 2):
 PSYoungGen      total 271872K, used 51601K [0x00000000eab00000, 0x0000000100000000, 0x0000000100000000)
  eden space 194048K, 0% used [0x00000000eab00000,0x00000000eab00000,0x00000000f6880000)
  from space 77824K, 66% used [0x00000000fb400000,0x00000000fe664630,0x0000000100000000)
  to   space 77312K, 0% used [0x00000000f6880000,0x00000000f6880000,0x00000000fb400000)
 ParOldGen       total 699392K, used 502663K [0x00000000c0000000, 0x00000000eab00000, 0x00000000eab00000)
  object space 699392K, 71% used [0x00000000c0000000,0x00000000deae1d28,0x00000000eab00000)
 Metaspace       used 25506K, capacity 44458K, committed 44720K, reserved 1081344K
  class space    used 4028K, capacity 11870K, committed 11952K, reserved 1048576K
}
Event: 97,762 GC heap before
{Heap before GC invocations=35 (full 2):
 PSYoungGen      total 271872K, used 245649K [0x00000000eab00000, 0x0000000100000000, 0x0000000100000000)
  eden space 194048K, 100% used [0x00000000eab00000,0x00000000f6880000,0x00000000f6880000)
  from space 77824K, 66% used [0x00000000fb400000,0x00000000fe664630,0x0000000100000000)
  to   space 77312K, 0% used [0x00000000f6880000,0x00000000f6880000,0x00000000fb400000)
 ParOldGen       total 699392K, used 502663K [0x00000000c0000000, 0x00000000eab00000, 0x00000000eab00000)
  object space 699392K, 71% used [0x00000000c0000000,0x00000000deae1d28,0x00000000eab00000)
 Metaspace       used 26513K, capacity 46912K, committed 47024K, reserved 1083392K
  class space    used 4242K, capacity 12688K, committed 12720K, reserved 1048576K
Event: 98,206 GC heap after
Heap after GC invocations=35 (full 2):
 PSYoungGen      total 271360K, used 52848K [0x00000000eab00000, 0x0000000100000000, 0x0000000100000000)
  eden space 194048K, 0% used [0x00000000eab00000,0x00000000eab00000,0x00000000f6880000)
  from space 77312K, 68% used [0x00000000f6880000,0x00000000f9c1c270,0x00000000fb400000)
  to   space 76800K, 0% used [0x00000000fb500000,0x00000000fb500000,0x0000000100000000)
 ParOldGen       total 699392K, used 544729K [0x00000000c0000000, 0x00000000eab00000, 0x00000000eab00000)
  object space 699392K, 77% used [0x00000000c0000000,0x00000000e13f64d8,0x00000000eab00000)
 Metaspace       used 26513K, capacity 46912K, committed 47024K, reserved 1083392K
  class space    used 4242K, capacity 12688K, committed 12720K, reserved 1048576K
}

