# JRE version: Java(TM) SE Runtime Environment (8.0_101-b13) (build 1.8.0_101-b13)
# Java VM: Java HotSpot(TM) 64-Bit Server VM (25.101-b13 mixed mode linux-amd64 compressed oops)
Heap:
 PSYoungGen      total 271360K, used 191321K [0x00000000eab00000, 0x0000000100000000, 0x0000000100000000)
  eden space 193024K, 72% used [0x00000000eab00000,0x00000000f32d64c0,0x00000000f6780000)
  from space 78336K, 66% used [0x00000000fb380000,0x00000000fe680020,0x0000000100000000)
  to   space 77824K, 0% used [0x00000000f6780000,0x00000000f6780000,0x00000000fb380000)
 ParOldGen       total 699392K, used 502862K [0x00000000c0000000, 0x00000000eab00000, 0x00000000eab00000)
  object space 699392K, 71% used [0x00000000c0000000,0x00000000deb13880,0x00000000eab00000)
 Metaspace       used 26248K, capacity 46244K, committed 46256K, reserved 1083392K
  class space    used 4183K, capacity 12464K, committed 12464K, reserved 1048576K
GC Heap History (10 events):
Event: 87,120 GC heap before
{Heap before GC invocations=30 (full 2):
 PSYoungGen      total 254976K, used 210544K [0x00000000eab00000, 0x0000000100000000, 0x0000000100000000)
  eden space 165376K, 100% used [0x00000000eab00000,0x00000000f4c80000,0x00000000f4c80000)
  from space 89600K, 50% used [0x00000000f4c80000,0x00000000f789c050,0x00000000fa400000)
  to   space 85504K, 0% used [0x00000000fac80000,0x00000000fac80000,0x0000000100000000)
 ParOldGen       total 699392K, used 306853K [0x00000000c0000000, 0x00000000eab00000, 0x00000000eab00000)
  object space 699392K, 43% used [0x00000000c0000000,0x00000000d2ba9600,0x00000000eab00000)
 Metaspace       used 21680K, capacity 35116K, committed 35248K, reserved 1075200K
  class space    used 3212K, capacity 8756K, committed 8880K, reserved 1048576K
Event: 87,262 GC heap after
Heap after GC invocations=30 (full 2):
 PSYoungGen      total 266752K, used 45248K [0x00000000eab00000, 0x0000000100000000, 0x0000000100000000)
  eden space 181248K, 0% used [0x00000000eab00000,0x00000000eab00000,0x00000000f5c00000)
  from space 85504K, 52% used [0x00000000fac80000,0x00000000fd8b00e0,0x0000000100000000)
  to   space 82432K, 0% used [0x00000000f5c00000,0x00000000f5c00000,0x00000000fac80000)
 ParOldGen       total 699392K, used 343513K [0x00000000c0000000, 0x00000000eab00000, 0x00000000eab00000)
  object space 699392K, 49% used [0x00000000c0000000,0x00000000d4f76400,0x00000000eab00000)
 Metaspace       used 21680K, capacity 35116K, committed 35248K, reserved 1075200K
  class space    used 3212K, capacity 8756K, committed 8880K, reserved 1048576K
}
Event: 89,526 GC heap before
{Heap before GC invocations=31 (full 2):
 PSYoungGen      total 266752K, used 226496K [0x00000000eab00000, 0x0000000100000000, 0x0000000100000000)
  eden space 181248K, 100% used [0x00000000eab00000,0x00000000f5c00000,0x00000000f5c00000)
  from space 85504K, 52% used [0x00000000fac80000,0x00000000fd8b00e0,0x0000000100000000)
  to   space 82432K, 0% used [0x00000000f5c00000,0x00000000f5c00000,0x00000000fac80000)
 ParOldGen       total 699392K, used 343513K [0x00000000c0000000, 0x00000000eab00000, 0x00000000eab00000)
  object space 699392K, 49% used [0x00000000c0000000,0x00000000d4f76400,0x00000000eab00000)
 Metaspace       used 22621K, capacity 37408K, committed 37424K, reserved 1077248K
  class space    used 3412K, capacity 9520K, committed 9520K, reserved 1048576K
Event: 89,787 GC heap after
Heap after GC invocations=31 (full 2):
 PSYoungGen      total 263680K, used 49137K [0x00000000eab00000, 0x0000000100000000, 0x0000000100000000)
  eden space 181248K, 0% used [0x00000000eab00000,0x00000000eab00000,0x00000000f5c00000)
  from space 82432K, 59% used [0x00000000f5c00000,0x00000000f8bfc5b0,0x00000000fac80000)
  to   space 80384K, 0% used [0x00000000fb180000,0x00000000fb180000,0x0000000100000000)
 ParOldGen       total 699392K, used 380140K [0x00000000c0000000, 0x00000000eab00000, 0x00000000eab00000)
  object space 699392K, 54% used [0x00000000c0000000,0x00000000d733b200,0x00000000eab00000)
 Metaspace       used 22621K, capacity 37408K, committed 37424K, reserved 1077248K
  class space    used 3412K, capacity 9520K, committed 9520K, reserved 1048576K
}
Event: 91,178 GC heap before
{Heap before GC invocations=32 (full 2):
 PSYoungGen      total 263680K, used 230385K [0x00000000eab00000, 0x0000000100000000, 0x0000000100000000)
  eden space 181248K, 100% used [0x00000000eab00000,0x00000000f5c00000,0x00000000f5c00000)
  from space 82432K, 59% used [0x00000000f5c00000,0x00000000f8bfc5b0,0x00000000fac80000)
  to   space 80384K, 0% used [0x00000000fb180000,0x00000000fb180000,0x0000000100000000)
 ParOldGen       total 699392K, used 380140K [0x00000000c0000000, 0x00000000eab00000, 0x00000000eab00000)
  object space 699392K, 54% used [0x00000000c0000000,0x00000000d733b200,0x00000000eab00000)
 Metaspace       used 23564K, capacity 39706K, committed 39728K, reserved 1079296K
  class space    used 3612K, capacity 10286K, committed 10288K, reserved 1048576K
Event: 91,358 GC heap after
Heap after GC invocations=32 (full 2):
 PSYoungGen      total 270336K, used 49009K [0x00000000eab00000, 0x0000000100000000, 0x0000000100000000)
  eden space 189952K, 0% used [0x00000000eab00000,0x00000000eab00000,0x00000000f6480000)
  from space 80384K, 60% used [0x00000000fb180000,0x00000000fe15c690,0x0000000100000000)
  to   space 78848K, 0% used [0x00000000f6480000,0x00000000f6480000,0x00000000fb180000)
 ParOldGen       total 699392K, used 420380K [0x00000000c0000000, 0x00000000eab00000, 0x00000000eab00000)
  object space 699392K, 60% used [0x00000000c0000000,0x00000000d9a87100,0x00000000eab00000)
 Metaspace       used 23564K, capacity 39706K, committed 39728K, reserved 1079296K
  class space    used 3612K, capacity 10286K, committed 10288K, reserved 1048576K
}
Event: 93,030 GC heap before
{Heap before GC invocations=33 (full 2):
 PSYoungGen      total 270336K, used 238961K [0x00000000eab00000, 0x0000000100000000, 0x0000000100000000)
  eden space 189952K, 100% used [0x00000000eab00000,0x00000000f6480000,0x00000000f6480000)
  from space 80384K, 60% used [0x00000000fb180000,0x00000000fe15c690,0x0000000100000000)
  to   space 78848K, 0% used [0x00000000f6480000,0x00000000f6480000,0x00000000fb180000)
 ParOldGen       total 699392K, used 420380K [0x00000000c0000000, 0x00000000eab00000, 0x00000000eab00000)
  object space 699392K, 60% used [0x00000000c0000000,0x00000000d9a87100,0x00000000eab00000)
 Metaspace       used 24550K, capacity 42106K, committed 42416K, reserved 1081344K
  class space    used 3822K, capacity 11086K, committed 11184K, reserved 1048576K
Event: 93,206 GC heap after
Heap after GC invocations=33 (full 2):
 PSYoungGen      total 268800K, used 52192K [0x00000000eab00000, 0x0000000100000000, 0x0000000100000000)
  eden space 189952K, 0% used [0x00000000eab00000,0x00000000eab00000,0x00000000f6480000)
  from space 78848K, 66% used [0x00000000f6480000,0x00000000f9778040,0x00000000fb180000)
  to   space 78336K, 0% used [0x00000000fb380000,0x00000000fb380000,0x0000000100000000)
 ParOldGen       total 699392K, used 460628K [0x00000000c0000000, 0x00000000eab00000, 0x00000000eab00000)
  object space 699392K, 65% used [0x00000000c0000000,0x00000000dc1d5000,0x00000000eab00000)
 Metaspace       used 24550K, capacity 42106K, committed 42416K, reserved 1081344K
  class space    used 3822K, capacity 11086K, committed 11184K, reserved 1048576K
}
Event: 96,577 GC heap before
{Heap before GC invocations=34 (full 2):
 PSYoungGen      total 268800K, used 242144K [0x00000000eab00000, 0x0000000100000000, 0x0000000100000000)
  eden space 189952K, 100% used [0x00000000eab00000,0x00000000f6480000,0x00000000f6480000)
  from space 78848K, 66% used [0x00000000f6480000,0x00000000f9778040,0x00000000fb180000)
  to   space 78336K, 0% used [0x00000000fb380000,0x00000000fb380000,0x0000000100000000)
 ParOldGen       total 699392K, used 460628K [0x00000000c0000000, 0x00000000eab00000, 0x00000000eab00000)
  object space 699392K, 65% used [0x00000000c0000000,0x00000000dc1d5000,0x00000000eab00000)
 Metaspace       used 25538K, capacity 44512K, committed 44720K, reserved 1081344K
  class space    used 4032K, capacity 11888K, committed 11952K, reserved 1048576K
Event: 96,843 GC heap after
Heap after GC invocations=34 (full 2):
 PSYoungGen      total 271360K, used 52224K [0x00000000eab00000, 0x0000000100000000, 0x0000000100000000)
  eden space 193024K, 0% used [0x00000000eab00000,0x00000000eab00000,0x00000000f6780000)
  from space 78336K, 66% used [0x00000000fb380000,0x00000000fe680020,0x0000000100000000)
  to   space 77824K, 0% used [0x00000000f6780000,0x00000000f6780000,0x00000000fb380000)
 ParOldGen       total 699392K, used 502862K [0x00000000c0000000, 0x00000000eab00000, 0x00000000eab00000)
  object space 699392K, 71% used [0x00000000c0000000,0x00000000deb13880,0x00000000eab00000)
 Metaspace       used 25538K, capacity 44512K, committed 44720K, reserved 1081344K
  class space    used 4032K, capacity 11888K, committed 11952K, reserved 1048576K
}

