# JRE version: Java(TM) SE Runtime Environment (8.0_101-b13) (build 1.8.0_101-b13)
# Java VM: Java HotSpot(TM) 64-Bit Server VM (25.101-b13 mixed mode linux-amd64 compressed oops)
Heap:
 PSYoungGen      total 282112K, used 144958K [0x00000000eab00000, 0x0000000100000000, 0x0000000100000000)
  eden space 215552K, 40% used [0x00000000eab00000,0x00000000eff43750,0x00000000f7d80000)
  from space 66560K, 88% used [0x00000000f7d80000,0x00000000fb6cc170,0x00000000fbe80000)
  to   space 66560K, 0% used [0x00000000fbf00000,0x00000000fbf00000,0x0000000100000000)
 ParOldGen       total 699392K, used 567592K [0x00000000c0000000, 0x00000000eab00000, 0x00000000eab00000)
  object space 699392K, 81% used [0x00000000c0000000,0x00000000e2a4a2e8,0x00000000eab00000)
 Metaspace       used 27640K, capacity 49688K, committed 51248K, reserved 1085440K
  class space    used 4478K, capacity 13592K, committed 15152K, reserved 1048576K
GC Heap History (10 events):
Event: 143,158 GC heap before
{Heap before GC invocations=63 (full 4):
 PSYoungGen      total 281600K, used 271345K [0x00000000eab00000, 0x0000000100000000, 0x0000000100000000)
  eden space 213504K, 100% used [0x00000000eab00000,0x00000000f7b80000,0x00000000f7b80000)
  from space 68096K, 84% used [0x00000000fbd80000,0x00000000ff5fc530,0x0000000100000000)
  to   space 67584K, 0% used [0x00000000f7b80000,0x00000000f7b80000,0x00000000fbd80000)
 ParOldGen       total 699392K, used 330783K [0x00000000c0000000, 0x00000000eab00000, 0x00000000eab00000)
  object space 699392K, 47% used [0x00000000c0000000,0x00000000d4307e78,0x00000000eab00000)
 Metaspace       used 22750K, capacity 37766K, committed 43312K, reserved 1077248K
  class space    used 3438K, capacity 9618K, committed 15152K, reserved 1048576K
Event: 143,262 GC heap after
Heap after GC invocations=63 (full 4):
 PSYoungGen      total 281088K, used 58017K [0x00000000eab00000, 0x0000000100000000, 0x0000000100000000)
  eden space 213504K, 0% used [0x00000000eab00000,0x00000000eab00000,0x00000000f7b80000)
  from space 67584K, 85% used [0x00000000f7b80000,0x00000000fb428420,0x00000000fbd80000)
  to   space 67584K, 0% used [0x00000000fbe00000,0x00000000fbe00000,0x0000000100000000)
 ParOldGen       total 699392K, used 377895K [0x00000000c0000000, 0x00000000eab00000, 0x00000000eab00000)
  object space 699392K, 54% used [0x00000000c0000000,0x00000000d7109e28,0x00000000eab00000)
 Metaspace       used 22750K, capacity 37766K, committed 43312K, reserved 1077248K
  class space    used 3438K, capacity 9618K, committed 15152K, reserved 1048576K
}
Event: 145,195 GC heap before
{Heap before GC invocations=64 (full 4):
 PSYoungGen      total 281088K, used 271521K [0x00000000eab00000, 0x0000000100000000, 0x0000000100000000)
  eden space 213504K, 100% used [0x00000000eab00000,0x00000000f7b80000,0x00000000f7b80000)
  from space 67584K, 85% used [0x00000000f7b80000,0x00000000fb428420,0x00000000fbd80000)
  to   space 67584K, 0% used [0x00000000fbe00000,0x00000000fbe00000,0x0000000100000000)
 ParOldGen       total 699392K, used 377895K [0x00000000c0000000, 0x00000000eab00000, 0x00000000eab00000)
  object space 699392K, 54% used [0x00000000c0000000,0x00000000d7109e28,0x00000000eab00000)
 Metaspace       used 23855K, capacity 40460K, committed 45104K, reserved 1079296K
  class space    used 3673K, capacity 10516K, committed 15152K, reserved 1048576K
Event: 145,441 GC heap after
Heap after GC invocations=64 (full 4):
 PSYoungGen      total 282112K, used 58097K [0x00000000eab00000, 0x0000000100000000, 0x0000000100000000)
  eden space 214528K, 0% used [0x00000000eab00000,0x00000000eab00000,0x00000000f7c80000)
  from space 67584K, 85% used [0x00000000fbe00000,0x00000000ff6bc5b0,0x0000000100000000)
  to   space 67072K, 0% used [0x00000000f7c80000,0x00000000f7c80000,0x00000000fbe00000)
 ParOldGen       total 699392K, used 425071K [0x00000000c0000000, 0x00000000eab00000, 0x00000000eab00000)
  object space 699392K, 60% used [0x00000000c0000000,0x00000000d9f1be38,0x00000000eab00000)
 Metaspace       used 23855K, capacity 40460K, committed 45104K, reserved 1079296K
  class space    used 3673K, capacity 10516K, committed 15152K, reserved 1048576K
}
Event: 147,226 GC heap before
{Heap before GC invocations=65 (full 4):
 PSYoungGen      total 282112K, used 272625K [0x00000000eab00000, 0x0000000100000000, 0x0000000100000000)
  eden space 214528K, 100% used [0x00000000eab00000,0x00000000f7c80000,0x00000000f7c80000)
  from space 67584K, 85% used [0x00000000fbe00000,0x00000000ff6bc5b0,0x0000000100000000)
  to   space 67072K, 0% used [0x00000000f7c80000,0x00000000f7c80000,0x00000000fbe00000)
 ParOldGen       total 699392K, used 425071K [0x00000000c0000000, 0x00000000eab00000, 0x00000000eab00000)
  object space 699392K, 60% used [0x00000000c0000000,0x00000000d9f1be38,0x00000000eab00000)
 Metaspace       used 24968K, capacity 43172K, committed 47152K, reserved 1081344K
  class space    used 3910K, capacity 11420K, committed 15152K, reserved 1048576K
Event: 147,369 GC heap after
Heap after GC invocations=65 (full 4):
 PSYoungGen      total 281600K, used 58480K [0x00000000eab00000, 0x0000000100000000, 0x0000000100000000)
  eden space 214528K, 0% used [0x00000000eab00000,0x00000000eab00000,0x00000000f7c80000)
  from space 67072K, 87% used [0x00000000f7c80000,0x00000000fb59c0f0,0x00000000fbe00000)
  to   space 67072K, 0% used [0x00000000fbe80000,0x00000000fbe80000,0x0000000100000000)
 ParOldGen       total 699392K, used 472455K [0x00000000c0000000, 0x00000000eab00000, 0x00000000eab00000)
  object space 699392K, 67% used [0x00000000c0000000,0x00000000dcd61f38,0x00000000eab00000)
 Metaspace       used 24968K, capacity 43172K, committed 47152K, reserved 1081344K
  class space    used 3910K, capacity 11420K, committed 15152K, reserved 1048576K
}
Event: 149,085 GC heap before
{Heap before GC invocations=66 (full 4):
 PSYoungGen      total 281600K, used 273008K [0x00000000eab00000, 0x0000000100000000, 0x0000000100000000)
  eden space 214528K, 100% used [0x00000000eab00000,0x00000000f7c80000,0x00000000f7c80000)
  from space 67072K, 87% used [0x00000000f7c80000,0x00000000fb59c0f0,0x00000000fbe00000)
  to   space 67072K, 0% used [0x00000000fbe80000,0x00000000fbe80000,0x0000000100000000)
 ParOldGen       total 699392K, used 472455K [0x00000000c0000000, 0x00000000eab00000, 0x00000000eab00000)
  object space 699392K, 67% used [0x00000000c0000000,0x00000000dcd61f38,0x00000000eab00000)
 Metaspace       used 26080K, capacity 45884K, committed 48944K, reserved 1083392K
  class space    used 4147K, capacity 12324K, committed 15152K, reserved 1048576K
Event: 149,283 GC heap after
Heap after GC invocations=66 (full 4):
 PSYoungGen      total 282624K, used 58688K [0x00000000eab00000, 0x0000000100000000, 0x0000000100000000)
  eden space 215552K, 0% used [0x00000000eab00000,0x00000000eab00000,0x00000000f7d80000)
  from space 67072K, 87% used [0x00000000fbe80000,0x00000000ff7d00a0,0x0000000100000000)
  to   space 66560K, 0% used [0x00000000f7d80000,0x00000000f7d80000,0x00000000fbe80000)
 ParOldGen       total 699392K, used 520040K [0x00000000c0000000, 0x00000000eab00000, 0x00000000eab00000)
  object space 699392K, 74% used [0x00000000c0000000,0x00000000dfbda128,0x00000000eab00000)
 Metaspace       used 26080K, capacity 45884K, committed 48944K, reserved 1083392K
  class space    used 4147K, capacity 12324K, committed 15152K, reserved 1048576K
}
Event: 151,105 GC heap before
{Heap before GC invocations=67 (full 4):
 PSYoungGen      total 282624K, used 274240K [0x00000000eab00000, 0x0000000100000000, 0x0000000100000000)
  eden space 215552K, 100% used [0x00000000eab00000,0x00000000f7d80000,0x00000000f7d80000)
  from space 67072K, 87% used [0x00000000fbe80000,0x00000000ff7d00a0,0x0000000100000000)
  to   space 66560K, 0% used [0x00000000f7d80000,0x00000000f7d80000,0x00000000fbe80000)
 ParOldGen       total 699392K, used 520040K [0x00000000c0000000, 0x00000000eab00000, 0x00000000eab00000)
  object space 699392K, 74% used [0x00000000c0000000,0x00000000dfbda128,0x00000000eab00000)
 Metaspace       used 27197K, capacity 48608K, committed 50736K, reserved 1085440K
  class space    used 4384K, capacity 13232K, committed 15152K, reserved 1048576K
Event: 151,325 GC heap after
Heap after GC invocations=67 (full 4):
 PSYoungGen      total 282112K, used 58672K [0x00000000eab00000, 0x0000000100000000, 0x0000000100000000)
  eden space 215552K, 0% used [0x00000000eab00000,0x00000000eab00000,0x00000000f7d80000)
  from space 66560K, 88% used [0x00000000f7d80000,0x00000000fb6cc170,0x00000000fbe80000)
  to   space 66560K, 0% used [0x00000000fbf00000,0x00000000fbf00000,0x0000000100000000)
 ParOldGen       total 699392K, used 567592K [0x00000000c0000000, 0x00000000eab00000, 0x00000000eab00000)
  object space 699392K, 81% used [0x00000000c0000000,0x00000000e2a4a2e8,0x00000000eab00000)
 Metaspace       used 27197K, capacity 48608K, committed 50736K, reserved 1085440K
  class space    used 4384K, capacity 13232K, committed 15152K, reserved 1048576K
}

