# JRE version: Java(TM) SE Runtime Environment (8.0_101-b13) (build 1.8.0_101-b13)
# Java VM: Java HotSpot(TM) 64-Bit Server VM (25.101-b13 mixed mode linux-amd64 compressed oops)
Heap:
 PSYoungGen      total 232960K, used 48188K [0x00000000eab00000, 0x0000000100000000, 0x0000000100000000)
  eden space 116736K, 13% used [0x00000000eab00000,0x00000000ebaef1e0,0x00000000f1d00000)
  from space 116224K, 27% used [0x00000000f8e80000,0x00000000fada0000,0x0000000100000000)
  to   space 116224K, 0% used [0x00000000f1d00000,0x00000000f1d00000,0x00000000f8e80000)
 ParOldGen       total 699392K, used 304465K [0x00000000c0000000, 0x00000000eab00000, 0x00000000eab00000)
  object space 699392K, 43% used [0x00000000c0000000,0x00000000d2954750,0x00000000eab00000)
 Metaspace       used 20559K, capacity 32440K, committed 32560K, reserved 1075200K
  class space    used 2976K, capacity 7864K, committed 7984K, reserved 1048576K
GC Heap History (10 events):
Event: 40,517 GC heap before
{Heap before GC invocations=9 (full 1):
 PSYoungGen      total 232960K, used 191824K [0x00000000eab00000, 0x0000000100000000, 0x0000000100000000)
  eden space 116736K, 100% used [0x00000000eab00000,0x00000000f1d00000,0x00000000f1d00000)
  from space 116224K, 64% used [0x00000000f1d00000,0x00000000f66541d0,0x00000000f8e80000)
  to   space 115200K, 0% used [0x00000000f8f80000,0x00000000f8f80000,0x0000000100000000)
 ParOldGen       total 699392K, used 139702K [0x00000000c0000000, 0x00000000eab00000, 0x00000000eab00000)
  object space 699392K, 19% used [0x00000000c0000000,0x00000000c886dbc0,0x00000000eab00000)
 Metaspace       used 18064K, capacity 26356K, committed 26672K, reserved 1071104K
  class space    used 2446K, capacity 5836K, committed 5936K, reserved 1048576K
Event: 40,659 GC heap after
Heap after GC invocations=9 (full 1):
 PSYoungGen      total 231936K, used 103248K [0x00000000eab00000, 0x0000000100000000, 0x0000000100000000)
  eden space 116736K, 0% used [0x00000000eab00000,0x00000000eab00000,0x00000000f1d00000)
  from space 115200K, 89% used [0x00000000f8f80000,0x00000000ff454290,0x0000000100000000)
  to   space 116224K, 0% used [0x00000000f1d00000,0x00000000f1d00000,0x00000000f8e80000)
 ParOldGen       total 699392K, used 142409K [0x00000000c0000000, 0x00000000eab00000, 0x00000000eab00000)
  object space 699392K, 20% used [0x00000000c0000000,0x00000000c8b12700,0x00000000eab00000)
 Metaspace       used 18064K, capacity 26356K, committed 26672K, reserved 1071104K
  class space    used 2446K, capacity 5836K, committed 5936K, reserved 1048576K
}
Event: 41,902 GC heap before
{Heap before GC invocations=10 (full 1):
 PSYoungGen      total 231936K, used 219984K [0x00000000eab00000, 0x0000000100000000, 0x0000000100000000)
  eden space 116736K, 100% used [0x00000000eab00000,0x00000000f1d00000,0x00000000f1d00000)
  from space 115200K, 89% used [0x00000000f8f80000,0x00000000ff454290,0x0000000100000000)
  to   space 116224K, 0% used [0x00000000f1d00000,0x00000000f1d00000,0x00000000f8e80000)
 ParOldGen       total 699392K, used 142409K [0x00000000c0000000, 0x00000000eab00000, 0x00000000eab00000)
  object space 699392K, 20% used [0x00000000c0000000,0x00000000c8b12700,0x00000000eab00000)
 Metaspace       used 18667K, capacity 27826K, committed 27952K, reserved 1071104K
  class space    used 2574K, capacity 6326K, committed 6448K, reserved 1048576K
Event: 42,107 GC heap after
Heap after GC invocations=10 (full 1):
 PSYoungGen      total 232960K, used 94720K [0x00000000eab00000, 0x0000000100000000, 0x0000000100000000)
  eden space 116736K, 0% used [0x00000000eab00000,0x00000000eab00000,0x00000000f1d00000)
  from space 116224K, 81% used [0x00000000f1d00000,0x00000000f7980120,0x00000000f8e80000)
  to   space 116224K, 0% used [0x00000000f8e80000,0x00000000f8e80000,0x0000000100000000)
 ParOldGen       total 699392K, used 175512K [0x00000000c0000000, 0x00000000eab00000, 0x00000000eab00000)
  object space 699392K, 25% used [0x00000000c0000000,0x00000000cab662d0,0x00000000eab00000)
 Metaspace       used 18667K, capacity 27826K, committed 27952K, reserved 1071104K
  class space    used 2574K, capacity 6326K, committed 6448K, reserved 1048576K
}
Event: 44,023 GC heap before
{Heap before GC invocations=11 (full 1):
 PSYoungGen      total 232960K, used 211456K [0x00000000eab00000, 0x0000000100000000, 0x0000000100000000)
  eden space 116736K, 100% used [0x00000000eab00000,0x00000000f1d00000,0x00000000f1d00000)
  from space 116224K, 81% used [0x00000000f1d00000,0x00000000f7980120,0x00000000f8e80000)
  to   space 116224K, 0% used [0x00000000f8e80000,0x00000000f8e80000,0x0000000100000000)
 ParOldGen       total 699392K, used 175512K [0x00000000c0000000, 0x00000000eab00000, 0x00000000eab00000)
  object space 699392K, 25% used [0x00000000c0000000,0x00000000cab662d0,0x00000000eab00000)
 Metaspace       used 19270K, capacity 29296K, committed 29360K, reserved 1071104K
  class space    used 2702K, capacity 6816K, committed 6832K, reserved 1048576K
Event: 44,195 GC heap after
Heap after GC invocations=11 (full 1):
 PSYoungGen      total 232960K, used 62483K [0x00000000eab00000, 0x0000000100000000, 0x0000000100000000)
  eden space 116736K, 0% used [0x00000000eab00000,0x00000000eab00000,0x00000000f1d00000)
  from space 116224K, 53% used [0x00000000f8e80000,0x00000000fcb84d90,0x0000000100000000)
  to   space 116224K, 0% used [0x00000000f1d00000,0x00000000f1d00000,0x00000000f8e80000)
 ParOldGen       total 699392K, used 227109K [0x00000000c0000000, 0x00000000eab00000, 0x00000000eab00000)
  object space 699392K, 32% used [0x00000000c0000000,0x00000000cddc97d0,0x00000000eab00000)
 Metaspace       used 19270K, capacity 29296K, committed 29360K, reserved 1071104K
  class space    used 2702K, capacity 6816K, committed 6832K, reserved 1048576K
}
Event: 45,411 GC heap before
{Heap before GC invocations=12 (full 1):
 PSYoungGen      total 232960K, used 179219K [0x00000000eab00000, 0x0000000100000000, 0x0000000100000000)
  eden space 116736K, 100% used [0x00000000eab00000,0x00000000f1d00000,0x00000000f1d00000)
  from space 116224K, 53% used [0x00000000f8e80000,0x00000000fcb84d90,0x0000000100000000)
  to   space 116224K, 0% used [0x00000000f1d00000,0x00000000f1d00000,0x00000000f8e80000)
 ParOldGen       total 699392K, used 227109K [0x00000000c0000000, 0x00000000eab00000, 0x00000000eab00000)
  object space 699392K, 32% used [0x00000000c0000000,0x00000000cddc97d0,0x00000000eab00000)
 Metaspace       used 19873K, capacity 30766K, committed 30896K, reserved 1073152K
  class space    used 2830K, capacity 7306K, committed 7344K, reserved 1048576K
Event: 45,546 GC heap after
Heap after GC invocations=12 (full 1):
 PSYoungGen      total 232960K, used 31984K [0x00000000eab00000, 0x0000000100000000, 0x0000000100000000)
  eden space 116736K, 0% used [0x00000000eab00000,0x00000000eab00000,0x00000000f1d00000)
  from space 116224K, 27% used [0x00000000f1d00000,0x00000000f3c3c030,0x00000000f8e80000)
  to   space 116224K, 0% used [0x00000000f8e80000,0x00000000f8e80000,0x0000000100000000)
 ParOldGen       total 699392K, used 278675K [0x00000000c0000000, 0x00000000eab00000, 0x00000000eab00000)
  object space 699392K, 39% used [0x00000000c0000000,0x00000000d1024cd0,0x00000000eab00000)
 Metaspace       used 19873K, capacity 30766K, committed 30896K, reserved 1073152K
  class space    used 2830K, capacity 7306K, committed 7344K, reserved 1048576K
}
Event: 46,677 GC heap before
{Heap before GC invocations=13 (full 1):
 PSYoungGen      total 232960K, used 148720K [0x00000000eab00000, 0x0000000100000000, 0x0000000100000000)
  eden space 116736K, 100% used [0x00000000eab00000,0x00000000f1d00000,0x00000000f1d00000)
  from space 116224K, 27% used [0x00000000f1d00000,0x00000000f3c3c030,0x00000000f8e80000)
  to   space 116224K, 0% used [0x00000000f8e80000,0x00000000f8e80000,0x0000000100000000)
 ParOldGen       total 699392K, used 278675K [0x00000000c0000000, 0x00000000eab00000, 0x00000000eab00000)
  object space 699392K, 39% used [0x00000000c0000000,0x00000000d1024cd0,0x00000000eab00000)
 Metaspace       used 20478K, capacity 32242K, committed 32432K, reserved 1073152K
  class space    used 2959K, capacity 7798K, committed 7856K, reserved 1048576K
Event: 46,787 GC heap after
Heap after GC invocations=13 (full 1):
 PSYoungGen      total 232960K, used 31872K [0x00000000eab00000, 0x0000000100000000, 0x0000000100000000)
  eden space 116736K, 0% used [0x00000000eab00000,0x00000000eab00000,0x00000000f1d00000)
  from space 116224K, 27% used [0x00000000f8e80000,0x00000000fada0000,0x0000000100000000)
  to   space 116224K, 0% used [0x00000000f1d00000,0x00000000f1d00000,0x00000000f8e80000)
 ParOldGen       total 699392K, used 304465K [0x00000000c0000000, 0x00000000eab00000, 0x00000000eab00000)
  object space 699392K, 43% used [0x00000000c0000000,0x00000000d2954750,0x00000000eab00000)
 Metaspace       used 20478K, capacity 32242K, committed 32432K, reserved 1073152K
  class space    used 2959K, capacity 7798K, committed 7856K, reserved 1048576K
}

