# JRE version: Java(TM) SE Runtime Environment (8.0_101-b13) (build 1.8.0_101-b13)
# Java VM: Java HotSpot(TM) 64-Bit Server VM (25.101-b13 mixed mode linux-amd64 compressed oops)
Heap:
 PSYoungGen      total 271360K, used 126868K [0x00000000eab00000, 0x0000000100000000, 0x0000000100000000)
  eden space 194048K, 38% used [0x00000000eab00000,0x00000000ef30d070,0x00000000f6880000)
  from space 77312K, 68% used [0x00000000f6880000,0x00000000f9c580c0,0x00000000fb400000)
  to   space 76288K, 0% used [0x00000000fb580000,0x00000000fb580000,0x0000000100000000)
 ParOldGen       total 699392K, used 556647K [0x00000000c0000000, 0x00000000eab00000, 0x00000000eab00000)
  object space 699392K, 79% used [0x00000000c0000000,0x00000000e1f99f88,0x00000000eab00000)
 Metaspace       used 27186K, capacity 48548K, committed 48560K, reserved 1085440K
  class space    used 4384K, capacity 13232K, committed 13232K, reserved 1048576K
GC Heap History (10 events):
Event: 90,129 GC heap before
{Heap before GC invocations=31 (full 2):
 PSYoungGen      total 268288K, used 231728K [0x00000000eab00000, 0x0000000100000000, 0x0000000100000000)
  eden space 184832K, 100% used [0x00000000eab00000,0x00000000f5f80000,0x00000000f5f80000)
  from space 83456K, 56% used [0x00000000fae80000,0x00000000fdc4c070,0x0000000100000000)
  to   space 80896K, 0% used [0x00000000f5f80000,0x00000000f5f80000,0x00000000fae80000)
 ParOldGen       total 699392K, used 351564K [0x00000000c0000000, 0x00000000eab00000, 0x00000000eab00000)
  object space 699392K, 50% used [0x00000000c0000000,0x00000000d5753208,0x00000000eab00000)
 Metaspace       used 22857K, capacity 37990K, committed 38192K, reserved 1077248K
  class space    used 3463K, capacity 9714K, committed 9776K, reserved 1048576K
Event: 90,239 GC heap after
Heap after GC invocations=31 (full 2):
 PSYoungGen      total 265728K, used 50800K [0x00000000eab00000, 0x0000000100000000, 0x0000000100000000)
  eden space 184832K, 0% used [0x00000000eab00000,0x00000000eab00000,0x00000000f5f80000)
  from space 80896K, 62% used [0x00000000f5f80000,0x00000000f911c070,0x00000000fae80000)
  to   space 79872K, 0% used [0x00000000fb200000,0x00000000fb200000,0x0000000100000000)
 ParOldGen       total 699392K, used 389609K [0x00000000c0000000, 0x00000000eab00000, 0x00000000eab00000)
  object space 699392K, 55% used [0x00000000c0000000,0x00000000d7c7a6b8,0x00000000eab00000)
 Metaspace       used 22857K, capacity 37990K, committed 38192K, reserved 1077248K
  class space    used 3463K, capacity 9714K, committed 9776K, reserved 1048576K
}
Event: 91,683 GC heap before
{Heap before GC invocations=32 (full 2):
 PSYoungGen      total 265728K, used 235632K [0x00000000eab00000, 0x0000000100000000, 0x0000000100000000)
  eden space 184832K, 100% used [0x00000000eab00000,0x00000000f5f80000,0x00000000f5f80000)
  from space 80896K, 62% used [0x00000000f5f80000,0x00000000f911c070,0x00000000fae80000)
  to   space 79872K, 0% used [0x00000000fb200000,0x00000000fb200000,0x0000000100000000)
 ParOldGen       total 699392K, used 389609K [0x00000000c0000000, 0x00000000eab00000, 0x00000000eab00000)
  object space 699392K, 55% used [0x00000000c0000000,0x00000000d7c7a6b8,0x00000000eab00000)
 Metaspace       used 23817K, capacity 40330K, committed 40496K, reserved 1079296K
  class space    used 3667K, capacity 10494K, committed 10544K, reserved 1048576K
Event: 91,826 GC heap after
Heap after GC invocations=32 (full 2):
 PSYoungGen      total 270848K, used 50464K [0x00000000eab00000, 0x0000000100000000, 0x0000000100000000)
  eden space 190976K, 0% used [0x00000000eab00000,0x00000000eab00000,0x00000000f6580000)
  from space 79872K, 63% used [0x00000000fb200000,0x00000000fe348260,0x0000000100000000)
  to   space 78336K, 0% used [0x00000000f6580000,0x00000000f6580000,0x00000000fb200000)
 ParOldGen       total 699392K, used 430658K [0x00000000c0000000, 0x00000000eab00000, 0x00000000eab00000)
  object space 699392K, 61% used [0x00000000c0000000,0x00000000da490988,0x00000000eab00000)
 Metaspace       used 23817K, capacity 40330K, committed 40496K, reserved 1079296K
  class space    used 3667K, capacity 10494K, committed 10544K, reserved 1048576K
}
Event: 93,625 GC heap before
{Heap before GC invocations=33 (full 2):
 PSYoungGen      total 270848K, used 241440K [0x00000000eab00000, 0x0000000100000000, 0x0000000100000000)
  eden space 190976K, 100% used [0x00000000eab00000,0x00000000f6580000,0x00000000f6580000)
  from space 79872K, 63% used [0x00000000fb200000,0x00000000fe348260,0x0000000100000000)
  to   space 78336K, 0% used [0x00000000f6580000,0x00000000f6580000,0x00000000fb200000)
 ParOldGen       total 699392K, used 430658K [0x00000000c0000000, 0x00000000eab00000, 0x00000000eab00000)
  object space 699392K, 61% used [0x00000000c0000000,0x00000000da490988,0x00000000eab00000)
 Metaspace       used 24808K, capacity 42748K, committed 42800K, reserved 1081344K
  class space    used 3878K, capacity 11300K, committed 11312K, reserved 1048576K
Event: 93,834 GC heap after
Heap after GC invocations=33 (full 2):
 PSYoungGen      total 269312K, used 52192K [0x00000000eab00000, 0x0000000100000000, 0x0000000100000000)
  eden space 190976K, 0% used [0x00000000eab00000,0x00000000eab00000,0x00000000f6580000)
  from space 78336K, 66% used [0x00000000f6580000,0x00000000f9878080,0x00000000fb200000)
  to   space 77824K, 0% used [0x00000000fb400000,0x00000000fb400000,0x0000000100000000)
 ParOldGen       total 699392K, used 471747K [0x00000000c0000000, 0x00000000eab00000, 0x00000000eab00000)
  object space 699392K, 67% used [0x00000000c0000000,0x00000000dccb0c88,0x00000000eab00000)
 Metaspace       used 24808K, capacity 42748K, committed 42800K, reserved 1081344K
  class space    used 3878K, capacity 11300K, committed 11312K, reserved 1048576K
}
Event: 95,432 GC heap before
{Heap before GC invocations=34 (full 2):
 PSYoungGen      total 269312K, used 243168K [0x00000000eab00000, 0x0000000100000000, 0x0000000100000000)
  eden space 190976K, 100% used [0x00000000eab00000,0x00000000f6580000,0x00000000f6580000)
  from space 78336K, 66% used [0x00000000f6580000,0x00000000f9878080,0x00000000fb200000)
  to   space 77824K, 0% used [0x00000000fb400000,0x00000000fb400000,0x0000000100000000)
 ParOldGen       total 699392K, used 471747K [0x00000000c0000000, 0x00000000eab00000, 0x00000000eab00000)
  object space 699392K, 67% used [0x00000000c0000000,0x00000000dccb0c88,0x00000000eab00000)
 Metaspace       used 25800K, capacity 45166K, committed 45488K, reserved 1083392K
  class space    used 4089K, capacity 12106K, committed 12208K, reserved 1048576K
Event: 95,594 GC heap after
Heap after GC invocations=34 (full 2):
 PSYoungGen      total 271872K, used 52304K [0x00000000eab00000, 0x0000000100000000, 0x0000000100000000)
  eden space 194048K, 0% used [0x00000000eab00000,0x00000000eab00000,0x00000000f6880000)
  from space 77824K, 67% used [0x00000000fb400000,0x00000000fe714030,0x0000000100000000)
  to   space 77312K, 0% used [0x00000000f6880000,0x00000000f6880000,0x00000000fb400000)
 ParOldGen       total 699392K, used 514181K [0x00000000c0000000, 0x00000000eab00000, 0x00000000eab00000)
  object space 699392K, 73% used [0x00000000c0000000,0x00000000df621608,0x00000000eab00000)
 Metaspace       used 25800K, capacity 45166K, committed 45488K, reserved 1083392K
  class space    used 4089K, capacity 12106K, committed 12208K, reserved 1048576K
}
Event: 97,212 GC heap before
{Heap before GC invocations=35 (full 2):
 PSYoungGen      total 271872K, used 246352K [0x00000000eab00000, 0x0000000100000000, 0x0000000100000000)
  eden space 194048K, 100% used [0x00000000eab00000,0x00000000f6880000,0x00000000f6880000)
  from space 77824K, 67% used [0x00000000fb400000,0x00000000fe714030,0x0000000100000000)
  to   space 77312K, 0% used [0x00000000f6880000,0x00000000f6880000,0x00000000fb400000)
 ParOldGen       total 699392K, used 514181K [0x00000000c0000000, 0x00000000eab00000, 0x00000000eab00000)
  object space 699392K, 73% used [0x00000000c0000000,0x00000000df621608,0x00000000eab00000)
 Metaspace       used 26809K, capacity 47626K, committed 47792K, reserved 1083392K
  class space    used 4304K, capacity 12926K, committed 12976K, reserved 1048576K
Event: 97,389 GC heap after
Heap after GC invocations=35 (full 2):
 PSYoungGen      total 271360K, used 53088K [0x00000000eab00000, 0x0000000100000000, 0x0000000100000000)
  eden space 194048K, 0% used [0x00000000eab00000,0x00000000eab00000,0x00000000f6880000)
  from space 77312K, 68% used [0x00000000f6880000,0x00000000f9c580c0,0x00000000fb400000)
  to   space 76288K, 0% used [0x00000000fb580000,0x00000000fb580000,0x0000000100000000)
 ParOldGen       total 699392K, used 556647K [0x00000000c0000000, 0x00000000eab00000, 0x00000000eab00000)
  object space 699392K, 79% used [0x00000000c0000000,0x00000000e1f99f88,0x00000000eab00000)
 Metaspace       used 26809K, capacity 47626K, committed 47792K, reserved 1083392K
  class space    used 4304K, capacity 12926K, committed 12976K, reserved 1048576K
}

