# JRE version: Java(TM) SE Runtime Environment (8.0_101-b13) (build 1.8.0_101-b13)
# Java VM: Java HotSpot(TM) 64-Bit Server VM (25.101-b13 mixed mode linux-amd64 compressed oops)
Heap:
 PSYoungGen      total 282624K, used 243873K [0x00000000eab00000, 0x0000000100000000, 0x0000000100000000)
  eden space 215552K, 86% used [0x00000000eab00000,0x00000000f602bfa8,0x00000000f7d80000)
  from space 67072K, 87% used [0x00000000fbe80000,0x00000000ff77c4b0,0x0000000100000000)
  to   space 66560K, 0% used [0x00000000f7d80000,0x00000000f7d80000,0x00000000fbe80000)
 ParOldGen       total 699392K, used 613608K [0x00000000c0000000, 0x00000000eab00000, 0x00000000eab00000)
  object space 699392K, 87% used [0x00000000c0000000,0x00000000e573a2d0,0x00000000eab00000)
 Metaspace       used 29214K, capacity 53528K, committed 53808K, reserved 1087488K
  class space    used 4813K, capacity 14872K, committed 15152K, reserved 1048576K
GC Heap History (10 events):
Event: 142,561 GC heap before
{Heap before GC invocations=64 (full 4):
 PSYoungGen      total 281088K, used 271328K [0x00000000eab00000, 0x0000000100000000, 0x0000000100000000)
  eden space 212992K, 100% used [0x00000000eab00000,0x00000000f7b00000,0x00000000f7b00000)
  from space 68096K, 85% used [0x00000000f7b00000,0x00000000fb3f8040,0x00000000fbd80000)
  to   space 67584K, 0% used [0x00000000fbe00000,0x00000000fbe00000,0x0000000100000000)
 ParOldGen       total 699392K, used 376559K [0x00000000c0000000, 0x00000000eab00000, 0x00000000eab00000)
  object space 699392K, 53% used [0x00000000c0000000,0x00000000d6fbbd30,0x00000000eab00000)
 Metaspace       used 23820K, capacity 40376K, committed 45104K, reserved 1079296K
  class space    used 3666K, capacity 10488K, committed 15152K, reserved 1048576K
Event: 142,756 GC heap after
Heap after GC invocations=64 (full 4):
 PSYoungGen      total 281600K, used 58368K [0x00000000eab00000, 0x0000000100000000, 0x0000000100000000)
  eden space 214016K, 0% used [0x00000000eab00000,0x00000000eab00000,0x00000000f7c00000)
  from space 67584K, 86% used [0x00000000fbe00000,0x00000000ff700040,0x0000000100000000)
  to   space 67584K, 0% used [0x00000000f7c00000,0x00000000f7c00000,0x00000000fbe00000)
 ParOldGen       total 699392K, used 423727K [0x00000000c0000000, 0x00000000eab00000, 0x00000000eab00000)
  object space 699392K, 60% used [0x00000000c0000000,0x00000000d9dcbd30,0x00000000eab00000)
 Metaspace       used 23820K, capacity 40376K, committed 45104K, reserved 1079296K
  class space    used 3666K, capacity 10488K, committed 15152K, reserved 1048576K
}
Event: 144,382 GC heap before
{Heap before GC invocations=65 (full 4):
 PSYoungGen      total 281600K, used 272384K [0x00000000eab00000, 0x0000000100000000, 0x0000000100000000)
  eden space 214016K, 100% used [0x00000000eab00000,0x00000000f7c00000,0x00000000f7c00000)
  from space 67584K, 86% used [0x00000000fbe00000,0x00000000ff700040,0x0000000100000000)
  to   space 67584K, 0% used [0x00000000f7c00000,0x00000000f7c00000,0x00000000fbe00000)
 ParOldGen       total 699392K, used 423727K [0x00000000c0000000, 0x00000000eab00000, 0x00000000eab00000)
  object space 699392K, 60% used [0x00000000c0000000,0x00000000d9dcbd30,0x00000000eab00000)
 Metaspace       used 24930K, capacity 43082K, committed 46896K, reserved 1081344K
  class space    used 3902K, capacity 11390K, committed 15152K, reserved 1048576K
Event: 144,631 GC heap after
Heap after GC invocations=65 (full 4):
 PSYoungGen      total 281600K, used 58368K [0x00000000eab00000, 0x0000000100000000, 0x0000000100000000)
  eden space 214016K, 0% used [0x00000000eab00000,0x00000000eab00000,0x00000000f7c00000)
  from space 67584K, 86% used [0x00000000f7c00000,0x00000000fb500080,0x00000000fbe00000)
  to   space 67072K, 0% used [0x00000000fbe80000,0x00000000fbe80000,0x0000000100000000)
 ParOldGen       total 699392K, used 470967K [0x00000000c0000000, 0x00000000eab00000, 0x00000000eab00000)
  object space 699392K, 67% used [0x00000000c0000000,0x00000000dcbedd80,0x00000000eab00000)
 Metaspace       used 24930K, capacity 43082K, committed 46896K, reserved 1081344K
  class space    used 3902K, capacity 11390K, committed 15152K, reserved 1048576K
}
Event: 146,408 GC heap before
{Heap before GC invocations=66 (full 4):
 PSYoungGen      total 281600K, used 272384K [0x00000000eab00000, 0x0000000100000000, 0x0000000100000000)
  eden space 214016K, 100% used [0x00000000eab00000,0x00000000f7c00000,0x00000000f7c00000)
  from space 67584K, 86% used [0x00000000f7c00000,0x00000000fb500080,0x00000000fbe00000)
  to   space 67072K, 0% used [0x00000000fbe80000,0x00000000fbe80000,0x0000000100000000)
 ParOldGen       total 699392K, used 470967K [0x00000000c0000000, 0x00000000eab00000, 0x00000000eab00000)
  object space 699392K, 67% used [0x00000000c0000000,0x00000000dcbedd80,0x00000000eab00000)
 Metaspace       used 26040K, capacity 45788K, committed 48688K, reserved 1083392K
  class space    used 4138K, capacity 12292K, committed 15152K, reserved 1048576K
Event: 146,551 GC heap after
Heap after GC invocations=66 (full 4):
 PSYoungGen      total 282112K, used 58544K [0x00000000eab00000, 0x0000000100000000, 0x0000000100000000)
  eden space 215040K, 0% used [0x00000000eab00000,0x00000000eab00000,0x00000000f7d00000)
  from space 67072K, 87% used [0x00000000fbe80000,0x00000000ff7ac0d0,0x0000000100000000)
  to   space 67072K, 0% used [0x00000000f7d00000,0x00000000f7d00000,0x00000000fbe80000)
 ParOldGen       total 699392K, used 518415K [0x00000000c0000000, 0x00000000eab00000, 0x00000000eab00000)
  object space 699392K, 74% used [0x00000000c0000000,0x00000000dfa43ed0,0x00000000eab00000)
 Metaspace       used 26040K, capacity 45788K, committed 48688K, reserved 1083392K
  class space    used 4138K, capacity 12292K, committed 15152K, reserved 1048576K
}
Event: 148,341 GC heap before
{Heap before GC invocations=67 (full 4):
 PSYoungGen      total 282112K, used 273584K [0x00000000eab00000, 0x0000000100000000, 0x0000000100000000)
  eden space 215040K, 100% used [0x00000000eab00000,0x00000000f7d00000,0x00000000f7d00000)
  from space 67072K, 87% used [0x00000000fbe80000,0x00000000ff7ac0d0,0x0000000100000000)
  to   space 67072K, 0% used [0x00000000f7d00000,0x00000000f7d00000,0x00000000fbe80000)
 ParOldGen       total 699392K, used 518415K [0x00000000c0000000, 0x00000000eab00000, 0x00000000eab00000)
  object space 699392K, 74% used [0x00000000c0000000,0x00000000dfa43ed0,0x00000000eab00000)
 Metaspace       used 27155K, capacity 48506K, committed 50480K, reserved 1085440K
  class space    used 4375K, capacity 13198K, committed 15152K, reserved 1048576K
Event: 148,511 GC heap after
Heap after GC invocations=67 (full 4):
 PSYoungGen      total 282112K, used 58912K [0x00000000eab00000, 0x0000000100000000, 0x0000000100000000)
  eden space 215040K, 0% used [0x00000000eab00000,0x00000000eab00000,0x00000000f7d00000)
  from space 67072K, 87% used [0x00000000f7d00000,0x00000000fb688020,0x00000000fbe80000)
  to   space 67072K, 0% used [0x00000000fbe80000,0x00000000fbe80000,0x0000000100000000)
 ParOldGen       total 699392K, used 565872K [0x00000000c0000000, 0x00000000eab00000, 0x00000000eab00000)
  object space 699392K, 80% used [0x00000000c0000000,0x00000000e289c030,0x00000000eab00000)
 Metaspace       used 27155K, capacity 48506K, committed 50480K, reserved 1085440K
  class space    used 4375K, capacity 13198K, committed 15152K, reserved 1048576K
}
Event: 150,231 GC heap before
{Heap before GC invocations=68 (full 4):
 PSYoungGen      total 282112K, used 273952K [0x00000000eab00000, 0x0000000100000000, 0x0000000100000000)
  eden space 215040K, 100% used [0x00000000eab00000,0x00000000f7d00000,0x00000000f7d00000)
  from space 67072K, 87% used [0x00000000f7d00000,0x00000000fb688020,0x00000000fbe80000)
  to   space 67072K, 0% used [0x00000000fbe80000,0x00000000fbe80000,0x0000000100000000)
 ParOldGen       total 699392K, used 565872K [0x00000000c0000000, 0x00000000eab00000, 0x00000000eab00000)
  object space 699392K, 80% used [0x00000000c0000000,0x00000000e289c030,0x00000000eab00000)
 Metaspace       used 28267K, capacity 51218K, committed 52272K, reserved 1087488K
  class space    used 4612K, capacity 14102K, committed 15152K, reserved 1048576K
Event: 150,371 GC heap after
Heap after GC invocations=68 (full 4):
 PSYoungGen      total 282624K, used 58353K [0x00000000eab00000, 0x0000000100000000, 0x0000000100000000)
  eden space 215552K, 0% used [0x00000000eab00000,0x00000000eab00000,0x00000000f7d80000)
  from space 67072K, 87% used [0x00000000fbe80000,0x00000000ff77c4b0,0x0000000100000000)
  to   space 66560K, 0% used [0x00000000f7d80000,0x00000000f7d80000,0x00000000fbe80000)
 ParOldGen       total 699392K, used 613608K [0x00000000c0000000, 0x00000000eab00000, 0x00000000eab00000)
  object space 699392K, 87% used [0x00000000c0000000,0x00000000e573a2d0,0x00000000eab00000)
 Metaspace       used 28267K, capacity 51218K, committed 52272K, reserved 1087488K
  class space    used 4612K, capacity 14102K, committed 15152K, reserved 1048576K
}

